<?xml version="1.0" encoding="UTF-8"?>
<testsuite xmlns:xsi="http://www.w3.org/2001/XMLSchema-instance" xsi:noNamespaceSchemaLocation="https://maven.apache.org/surefire/maven-surefire-plugin/xsd/surefire-test-report-3.0.xsd" version="3.0" name="bucket_dynamo.S3ToDynamoDBTest" time="1.656" tests="1" errors="0" skipped="0" failures="0">
  <properties>
[...]
</properties>
  <testcase name="testHandleRequest" classname="bucket_dynamo.S3ToDynamoDBTest" time="1.634">
    <system-err><![CDATA[[main] INFO bucket_dynamo.S3ToDynamoDB - handleRequest: 
[main] INFO bucket_dynamo.S3ToDynamoDB - isValidRecord: 
[main] INFO bucket_dynamo.S3ToDynamoDB - createTable: 
[main] INFO bucket_dynamo.S3ToDynamoDB - waitForTableToExist: 
[main] INFO bucket_dynamo.S3ToDynamoDB - processRecord: 
[main] INFO bucket_dynamo.S3ToDynamoDB - srcBucket: periferia-s3-demo, srcKey: event-jdao/Documentos/test-object.txt
[main] INFO bucket_dynamo.S3ToDynamoDB - getObjectResponse: 
[main] INFO bucket_dynamo.S3ToDynamoDB - createFileItem: 
[main] INFO bucket_dynamo.S3ToDynamoDB - createFileItem: 
[main] INFO bucket_dynamo.S3ToDynamoDB - createFileItem: 
[main] INFO bucket_dynamo.S3ToDynamoDB - respuesta 3
[main] INFO bucket_dynamo.S3ToDynamoDB - insertDynamo: 
[main] INFO bucket_dynamo.S3ToDynamoDB - insertDynamo keyvalue: AttributeValue(S=e51adc96-5d4f-4c16-80a3-fb28cf03bbaf) 
[main] INFO bucket_dynamo.S3ToDynamoDB - insertDynamo keyvalue: AttributeValue(S=ea8ed981-d42b-46df-8ce7-87fadaa3d861) 
[main] INFO bucket_dynamo.S3ToDynamoDB - insertDynamo keyvalue: AttributeValue(S=4a039a15-3531-4939-af75-e417446601da) 
]]></system-err>
  </testcase>
</testsuite>